ADR Migration Log - Mon Aug  4 22:33:10 CDT 2025
===========================================
Processing: 0002-backend-language.md
  Type: VEN, Date: 2025-08-03, New ID: ADR-2508-VEN-002
✅ Migrated: 0002-backend-language.md -> ADR-2508-VEN-002
Processing: 0003-frontend-framework.md
  Type: VEN, Date: 2025-08-03, New ID: ADR-2508-VEN-003
✅ Migrated: 0003-frontend-framework.md -> ADR-2508-VEN-003
Processing: 0004-message-broker.md
  Type: VEN, Date: 2025-08-03, New ID: ADR-2508-VEN-004
✅ Migrated: 0004-message-broker.md -> ADR-2508-VEN-004
Processing: 0005-task-queue.md
  Type: VEN, Date: 2025-08-03, New ID: ADR-2508-VEN-005
✅ Migrated: 0005-task-queue.md -> ADR-2508-VEN-005
Processing: 0006-relational-db.md
  Type: VEN, Date: 2025-08-03, New ID: ADR-2508-VEN-006
✅ Migrated: 0006-relational-db.md -> ADR-2508-VEN-006
Processing: 0007-vector-store.md
  Type: VEN, Date: 2025-08-03, New ID: ADR-2508-VEN-007
✅ Migrated: 0007-vector-store.md -> ADR-2508-VEN-007
Processing: 0008-knowledge-graph.md
  Type: VEN, Date: 2025-08-03, New ID: ADR-2508-VEN-000
✅ Migrated: 0008-knowledge-graph.md -> ADR-2508-VEN-000
Processing: 0009-container-runtime.md
  Type: VEN, Date: 2025-08-03, New ID: ADR-2508-VEN-000
✅ Migrated: 0009-container-runtime.md -> ADR-2508-VEN-000
Processing: 0010-object-store.md
  Type: VEN, Date: 2025-08-03, New ID: ADR-2508-VEN-008
✅ Migrated: 0010-object-store.md -> ADR-2508-VEN-008
Processing: 0011-github-workflow.md
  Type: PRC, Date: 2025-08-03, New ID: ADR-2508-PRC-009
✅ Migrated: 0011-github-workflow.md -> ADR-2508-PRC-009
Processing: 0012-label-taxonomy.md
  Type: PRC, Date: 2025-08-03, New ID: ADR-2508-PRC-010
✅ Migrated: 0012-label-taxonomy.md -> ADR-2508-PRC-010
Processing: 0013-commit-style.md
  Type: PRC, Date: 2025-08-03, New ID: ADR-2508-PRC-011
✅ Migrated: 0013-commit-style.md -> ADR-2508-PRC-011
Processing: 0014-ci-pre-commit.md
  Type: PRC, Date: 2025-08-03, New ID: ADR-2508-PRC-012
✅ Migrated: 0014-ci-pre-commit.md -> ADR-2508-PRC-012
Processing: 0015-in-memory-cache.md
  Type: VEN, Date: 2025-08-04, New ID: ADR-2508-VEN-013
✅ Migrated: 0015-in-memory-cache.md -> ADR-2508-VEN-013
Processing: 0016-rag-orchestration.md
  Type: ARC, Date: 2025-08-04, New ID: ADR-2508-ARC-014
✅ Migrated: 0016-rag-orchestration.md -> ADR-2508-ARC-014

MIGRATION SUMMARY
=================
Successfully migrated: 15 ADRs
Errors encountered: 0 ADRs
Backup location: docs/decisions/legacy-backup-20250804-223310
Migration completed: Mon Aug  4 22:33:11 CDT 2025
