TLC2 Version 2.19 of 08 August 2024 (rev: 5a47802)
Warning: Please run the Java VM which executes TLC with a throughput optimized garbage collector by passing the "-XX:+UseParallelGC" property.
(Use the -nowarning option to disable this warning.)
Running breadth-first search Model-Checking with fp 62 and seed -2635165451157235460 with 12 workers on 16 cores with 3990MB heap and 64MB offheap memory [pid: 3134] (Linux 5.15.167.4-microsoft-standard-WSL2 amd64, Ubuntu 17.0.15 x86_64, MSBDiskFPSet, DiskStateQueue).
Parsing file /home/tank/darf-source/open-darf/verification/tla/classA_specs/CA_AuditTrailIntegrity.tla
Parsing file /tmp/Integers.tla
Parsing file /tmp/Sequences.tla
Parsing file /tmp/TLC.tla
Parsing file /tmp/Naturals.tla
Parsing file /tmp/FiniteSets.tla
Semantic processing of module Naturals
Semantic processing of module Integers
Semantic processing of module Sequences
Semantic processing of module FiniteSets
Semantic processing of module TLC
Semantic processing of module CA_AuditTrailIntegrity
Starting... (2025-09-28 19:08:26)
Computing initial states...
Finished computing initial states: 1 distinct state generated at 2025-09-28 19:08:26.
Error: Invariant ChainIntegrity is violated.
Error: The behavior up to this point is:
State 1: <Initial predicate>
Log = <<>>

State 2: <Next line 28, col 6 to line 31, col 38 of module CA_AuditTrailIntegrity>
Log = <<[ts |-> 2, actor |-> "usr", action |-> "add", hash |-> "h1"]>>

State 3: <Next line 28, col 6 to line 31, col 38 of module CA_AuditTrailIntegrity>
Log = << [ts |-> 2, actor |-> "usr", action |-> "add", hash |-> "h1"],
   [ts |-> 1, actor |-> "usr", action |-> "add", hash |-> "h1"] >>

931 states generated, 869 distinct states found, 799 states left on queue.
The depth of the complete state graph search is 4.
The average outdegree of the complete state graph is 14 (minimum is 0, the maximum 24 and the 95th percentile is 24).
Finished in 00s at (2025-09-28 19:08:26)
