TLC2 Version 2.19 of 08 August 2024 (rev: 5a47802)
Warning: Please run the Java VM which executes TLC with a throughput optimized garbage collector by passing the "-XX:+UseParallelGC" property.
(Use the -nowarning option to disable this warning.)
Running breadth-first search Model-Checking with fp 113 and seed -5984384925475231504 with 12 workers on 16 cores with 3990MB heap and 64MB offheap memory [pid: 3039] (Linux 5.15.167.4-microsoft-standard-WSL2 amd64, Ubuntu 17.0.15 x86_64, MSBDiskFPSet, DiskStateQueue).
Parsing file /home/tank/darf-source/open-darf/verification/tla/classA_specs/CA_AuditTrailIntegrity.tla
Parsing file /tmp/Integers.tla
Parsing file /tmp/Sequences.tla
Parsing file /tmp/TLC.tla
Parsing file /tmp/Naturals.tla
Parsing file /tmp/FiniteSets.tla
Semantic processing of module Naturals
Semantic processing of module Integers
Semantic processing of module Sequences
Semantic processing of module FiniteSets
Semantic processing of module TLC
Semantic processing of module CA_AuditTrailIntegrity
Starting... (2025-09-28 19:00:45)
Computing initial states...
Finished computing initial states: 1 distinct state generated at 2025-09-28 19:00:45.
Progress(5) at 2025-09-28 19:00:48: 784,711 states generated (784,711 s/min), 784,481 distinct states found (784,481 ds/min), 784,327 states left on queue.
Progress(5) at 2025-09-28 19:01:48: 18,860,960 states generated (18,076,249 s/min), 18,855,235 distinct states found (18,070,754 ds/min), 18,849,532 states left on queue.
Progress(5) at 2025-09-28 19:02:48: 36,031,059 states generated (17,170,099 s/min), 36,019,193 distinct states found (17,163,958 ds/min), 36,007,381 states left on queue.
Progress(5) at 2025-09-28 19:03:48: 53,662,732 states generated (17,631,673 s/min), 53,642,797 distinct states found (17,623,604 ds/min), 53,622,897 states left on queue.
Progress(5) at 2025-09-28 19:04:48: 69,399,945 states generated (15,737,213 s/min), 69,368,620 distinct states found (15,725,823 ds/min), 69,337,302 states left on queue.
Progress(5) at 2025-09-28 19:05:48: 82,344,521 states generated (12,944,576 s/min), 82,300,663 distinct states found (12,932,043 ds/min), 82,256,814 states left on queue.
Progress(5) at 2025-09-28 19:06:48: 94,970,796 states generated (12,626,275 s/min), 94,921,858 distinct states found (12,621,195 ds/min), 94,872,932 states left on queue.
