[scan] Searching for SciERC references under external/PURE ...
[scan] Hits:
  external/PURE/code/run_entity.py:119:    parser.add_argument('--task', type=str, default=None, required=True, choices=['ace04', 'ace05', 'scierc'])
  external/PURE/code/run_relation_approx.py:614:    parser.add_argument('--task', type=str, default=None, required=True, choices=['ace04', 'ace05', 'scierc'])
  external/PURE/code/run_relation.py:516:    parser.add_argument('--task', type=str, default=None, required=True, choices=['ace04', 'ace05', 'scierc'])
  external/PURE/code/shared/const.py:4:    'scierc': ['Method', 'OtherScientificTerm', 'Task', 'Generic', 'Material', 'Metric'],
  external/PURE/code/shared/const.py:10:    'scierc': ['PART-OF', 'USED-FOR', 'FEATURE-OF', 'CONJUNCTION', 'EVALUATE-FOR', 'HYPONYM-OF', 'COMPARE'],
[candidates] Potential entrypoint files to probe:
  - external/PURE/code/run_relation.py
  - external/PURE/code/shared/const.py
  - external/PURE/code/run_relation_approx.py
  - external/PURE/code/run_entity.py
[preflight] external/PURE/code/run_relation.py -h
Traceback (most recent call last):
  File "/app/external/PURE/code/run_relation.py", line 20, in <module>
    from transformers.file_utils import PYTORCH_PRETRAINED_BERT_CACHE, WEIGHTS_NAME, CONFIG_NAME
ModuleNotFoundError: No module named 'transformers'
  -> NO_HELP (rc=1)
[preflight] external/PURE/code/shared/const.py -h

  -> OK
[preflight] external/PURE/code/run_relation_approx.py -h
Traceback (most recent call last):
  File "/app/external/PURE/code/run_relation_approx.py", line 20, in <module>
    from transformers.file_utils import PYTORCH_PRETRAINED_BERT_CACHE, WEIGHTS_NAME, CONFIG_NAME
ModuleNotFoundError: No module named 'transformers'
  -> NO_HELP (rc=1)
[preflight] external/PURE/code/run_entity.py -h
Traceback (most recent call last):
  File "/app/external/PURE/code/run_entity.py", line 14, in <module>
    from entity.models import EntityModel
  File "/app/external/PURE/code/entity/models.py", line 6, in <module>
    from allennlp.nn.util import batched_index_select
ModuleNotFoundError: No module named 'allennlp'
  -> NO_HELP (rc=1)
[result] help-ok: 1 ; help-bad: 3
