Phase 8B migration (corrected root detection)
UTC: 2025-09-21T02:55:23Z
open-darf-wc: /home/tank/open-darf-wc
darf-source : /home/tank/darf-source

[inv] Top-level tree (depth=1) of open-darf-wc:
.editorconfig
.git
.github
.gitignore
CHANGELOG.md
CODE_OF_CONDUCT.md
CONTRIBUTING.md
LICENSE
QUICKSTART.md
QUICKSTART_WINDOWS.md
README.md
SECURITY.md
SUPPORT.md
community_runs
compose.sanitized.yml
demo_data
docker-compose.yml
docs
evidence
quick_demo.sh
requirements.txt
results
scripts
var
[scan] No standalone handoff/internal memo files detected.
